build/app/intermediates/manifest_merge_blame_file/release/manifest-merger-blame-release-report.txt
1<?xml version="1.0" encoding="utf-8"?>
2<manifest xmlns:android="http://schemas.android.com/apk/res/android"
3    package="com.mycompany.arunproductions"
4    android:versionCode="1"
5    android:versionName="1.0.0" >
6
7    <uses-sdk
8        android:minSdkVersion="21"
8-->src\main\AndroidManifest.xml
9        android:targetSdkVersion="34" />
9-->src\main\AndroidManifest.xml
10
11    <uses-permission android:name="android.permission.INTERNET" />
11-->src\main\AndroidManifest.xml:4:5-66
11-->src\main\AndroidManifest.xml:4:22-64
12    <uses-permission android:name="android.permission.CAMERA" />
12-->src\main\AndroidManifest.xml:5:5-64
12-->src\main\AndroidManifest.xml:5:22-62
13    <uses-permission android:name="android.permission.VIBRATE" />
13-->src\main\AndroidManifest.xml:6:5-65
13-->src\main\AndroidManifest.xml:6:22-63
14
15    <uses-feature android:name="android.hardware.camera" />
15-->src\main\AndroidManifest.xml:7:5-60
15-->src\main\AndroidManifest.xml:7:19-57
16    <uses-feature android:name="android.hardware.camera.autofocus" />
16-->src\main\AndroidManifest.xml:8:1-66
16-->src\main\AndroidManifest.xml:8:15-63
17
18    <uses-permission
18-->[:file_picker] AndroidManifest.xml:9:5-11:38
19        android:name="android.permission.READ_EXTERNAL_STORAGE"
19-->[:file_picker] AndroidManifest.xml:10:9-64
20        android:maxSdkVersion="32" />
20-->[:file_picker] AndroidManifest.xml:11:9-35
21
22    <queries>
22-->[:file_picker] AndroidManifest.xml:13:5-19:15
23        <intent>
23-->[:file_picker] AndroidManifest.xml:14:9-18:18
24            <action android:name="android.intent.action.GET_CONTENT" />
24-->[:file_picker] AndroidManifest.xml:15:13-72
24-->[:file_picker] AndroidManifest.xml:15:21-69
25
26            <data android:mimeType="*/*" />
26-->src\main\AndroidManifest.xml:51:17-93
27        </intent>
28    </queries>
29
30    <uses-permission android:name="android.permission.FLASHLIGHT" />
30-->[:flutter_barcode_scanner] AndroidManifest.xml:13:5-69
30-->[:flutter_barcode_scanner] AndroidManifest.xml:13:22-66
31    <uses-permission android:name="android.permission.ACCESS_NETWORK_STATE" />
31-->[com.google.firebase:firebase-auth:22.3.1] AndroidManifest.xml:26:5-79
31-->[com.google.firebase:firebase-auth:22.3.1] AndroidManifest.xml:26:22-76
32    <uses-permission android:name="com.google.android.providers.gsf.permission.READ_GSERVICES" />
32-->[com.google.android.recaptcha:recaptcha:18.4.0] AndroidManifest.xml:9:5-98
32-->[com.google.android.recaptcha:recaptcha:18.4.0] AndroidManifest.xml:9:22-95
33
34    <permission
34-->[androidx.core:core:1.10.1] AndroidManifest.xml:22:5-24:47
35        android:name="com.mycompany.arunproductions.DYNAMIC_RECEIVER_NOT_EXPORTED_PERMISSION"
35-->[androidx.core:core:1.10.1] AndroidManifest.xml:23:9-81
36        android:protectionLevel="signature" />
36-->[androidx.core:core:1.10.1] AndroidManifest.xml:24:9-44
37
38    <uses-permission android:name="com.mycompany.arunproductions.DYNAMIC_RECEIVER_NOT_EXPORTED_PERMISSION" />
38-->[androidx.core:core:1.10.1] AndroidManifest.xml:26:5-97
38-->[androidx.core:core:1.10.1] AndroidManifest.xml:26:22-94
39
40    <uses-feature
40-->[com.journeyapps:zxing-android-embedded:4.3.0] AndroidManifest.xml:28:5-30:36
41        android:name="android.hardware.camera.front"
41-->[com.journeyapps:zxing-android-embedded:4.3.0] AndroidManifest.xml:29:9-53
42        android:required="false" />
42-->[com.journeyapps:zxing-android-embedded:4.3.0] AndroidManifest.xml:30:9-33
43    <uses-feature
43-->[com.journeyapps:zxing-android-embedded:4.3.0] AndroidManifest.xml:36:5-38:36
44        android:name="android.hardware.camera.flash"
44-->[com.journeyapps:zxing-android-embedded:4.3.0] AndroidManifest.xml:37:9-53
45        android:required="false" />
45-->[com.journeyapps:zxing-android-embedded:4.3.0] AndroidManifest.xml:38:9-33
46    <uses-feature
46-->[com.journeyapps:zxing-android-embedded:4.3.0] AndroidManifest.xml:39:5-41:36
47        android:name="android.hardware.screen.landscape"
47-->[com.journeyapps:zxing-android-embedded:4.3.0] AndroidManifest.xml:40:9-57
48        android:required="false" />
48-->[com.journeyapps:zxing-android-embedded:4.3.0] AndroidManifest.xml:41:9-33
49    <uses-feature
49-->[com.journeyapps:zxing-android-embedded:4.3.0] AndroidManifest.xml:42:5-44:36
50        android:name="android.hardware.wifi"
50-->[com.journeyapps:zxing-android-embedded:4.3.0] AndroidManifest.xml:43:9-45
51        android:required="false" />
51-->[com.journeyapps:zxing-android-embedded:4.3.0] AndroidManifest.xml:44:9-33
52
53    <application
53-->src\main\AndroidManifest.xml:10:5-64:19
54        android:appComponentFactory="androidx.core.app.CoreComponentFactory"
54-->[androidx.core:core:1.10.1] AndroidManifest.xml:28:18-86
55        android:icon="@mipmap/ic_launcher"
55-->src\main\AndroidManifest.xml:13:9-43
56        android:label="ArunProductions"
56-->src\main\AndroidManifest.xml:11:9-40
57        android:largeHeap="true"
57-->[:flutter_barcode_scanner] AndroidManifest.xml:16:9-33
58        android:requestLegacyExternalStorage="true"
58-->src\main\AndroidManifest.xml:14:9-52
59        android:theme="@style/Theme.AppCompat.NoActionBar" >
59-->[:flutter_barcode_scanner] AndroidManifest.xml:17:9-59
60        <activity
60-->src\main\AndroidManifest.xml:16:9-54:20
61            android:name="com.mycompany.arunproductions.MainActivity"
61-->src\main\AndroidManifest.xml:17:13-41
62            android:configChanges="orientation|keyboardHidden|keyboard|screenSize|smallestScreenSize|locale|layoutDirection|fontScale|screenLayout|density|uiMode"
62-->src\main\AndroidManifest.xml:21:13-163
63            android:exported="true"
63-->src\main\AndroidManifest.xml:18:13-36
64            android:hardwareAccelerated="true"
64-->src\main\AndroidManifest.xml:22:13-47
65            android:launchMode="singleTop"
65-->src\main\AndroidManifest.xml:19:13-43
66            android:theme="@style/LaunchTheme"
66-->src\main\AndroidManifest.xml:20:13-47
67            android:windowSoftInputMode="adjustResize" >
67-->src\main\AndroidManifest.xml:23:13-55
68
69            <!--
70                 Specifies an Android theme to apply to this Activity as soon as
71                 the Android process has started. This theme is visible to the user
72                 while the Flutter UI initializes. After that, this theme continues
73                 to determine the Window background behind the Flutter UI.
74            -->
75            <meta-data
75-->src\main\AndroidManifest.xml:28:13-31:17
76                android:name="io.flutter.embedding.android.NormalTheme"
76-->src\main\AndroidManifest.xml:29:15-70
77                android:resource="@style/NormalTheme" />
77-->src\main\AndroidManifest.xml:30:15-52
78            <!--
79                 Displays an Android View that continues showing the launch screen
80                 Drawable until Flutter paints its first frame, then this splash
81                 screen fades out. A splash screen is useful to avoid any visual
82                 gap between the end of Android's launch screen and the painting of
83                 Flutter's first frame.
84            -->
85            <meta-data
85-->src\main\AndroidManifest.xml:37:13-40:17
86                android:name="io.flutter.embedding.android.SplashScreenDrawable"
86-->src\main\AndroidManifest.xml:38:15-79
87                android:resource="@drawable/launch_background" />
87-->src\main\AndroidManifest.xml:39:15-61
88
89            <intent-filter>
89-->src\main\AndroidManifest.xml:41:13-44:29
90                <action android:name="android.intent.action.MAIN" />
90-->src\main\AndroidManifest.xml:42:17-68
90-->src\main\AndroidManifest.xml:42:25-66
91
92                <category android:name="android.intent.category.LAUNCHER" />
92-->src\main\AndroidManifest.xml:43:17-76
92-->src\main\AndroidManifest.xml:43:27-74
93            </intent-filter>
94            <!-- Deep linking -->
95            <meta-data
95-->src\main\AndroidManifest.xml:46:13-90
96                android:name="flutter_deeplinking_enabled"
96-->src\main\AndroidManifest.xml:46:24-66
97                android:value="true" />
97-->src\main\AndroidManifest.xml:46:67-87
98
99            <intent-filter android:autoVerify="true" >
99-->src\main\AndroidManifest.xml:47:13-52:29
99-->src\main\AndroidManifest.xml:47:28-53
100                <action android:name="android.intent.action.VIEW" />
100-->src\main\AndroidManifest.xml:48:17-69
100-->src\main\AndroidManifest.xml:48:25-66
101
102                <category android:name="android.intent.category.DEFAULT" />
102-->src\main\AndroidManifest.xml:49:17-76
102-->src\main\AndroidManifest.xml:49:27-73
103                <category android:name="android.intent.category.BROWSABLE" />
103-->src\main\AndroidManifest.xml:50:17-78
103-->src\main\AndroidManifest.xml:50:27-75
104
105                <data
105-->src\main\AndroidManifest.xml:51:17-93
106                    android:host="arunproductions.com"
106-->src\main\AndroidManifest.xml:51:56-90
107                    android:scheme="arunproductions" />
107-->src\main\AndroidManifest.xml:51:23-55
108            </intent-filter>
109        </activity>
110
111        <!--
112             Don't delete the meta-data below.
113             This is used by the Flutter tool to generate GeneratedPluginRegistrant.java
114        -->
115        <meta-data
115-->src\main\AndroidManifest.xml:58:9-60:33
116            android:name="flutterEmbedding"
116-->src\main\AndroidManifest.xml:59:13-44
117            android:value="2" />
117-->src\main\AndroidManifest.xml:60:13-30
118
119        <service
119-->[:cloud_firestore] AndroidManifest.xml:10:9-14:19
120            android:name="com.google.firebase.components.ComponentDiscoveryService"
120-->[:cloud_firestore] AndroidManifest.xml:10:18-89
121            android:directBootAware="true"
121-->[com.google.firebase:firebase-common:20.4.3] AndroidManifest.xml:32:13-43
122            android:exported="false" >
122-->[com.google.firebase:firebase-perf:20.5.2] AndroidManifest.xml:13:13-37
123            <meta-data
123-->[:cloud_firestore] AndroidManifest.xml:11:13-13:85
124                android:name="com.google.firebase.components:io.flutter.plugins.firebase.firestore.FlutterFirebaseFirestoreRegistrar"
124-->[:cloud_firestore] AndroidManifest.xml:12:17-134
125                android:value="com.google.firebase.components.ComponentRegistrar" />
125-->[:cloud_firestore] AndroidManifest.xml:13:17-82
126            <meta-data
126-->[:firebase_auth] AndroidManifest.xml:11:13-13:85
127                android:name="com.google.firebase.components:io.flutter.plugins.firebase.auth.FlutterFirebaseAuthRegistrar"
127-->[:firebase_auth] AndroidManifest.xml:12:17-124
128                android:value="com.google.firebase.components.ComponentRegistrar" />
128-->[:firebase_auth] AndroidManifest.xml:13:17-82
129            <meta-data
129-->[:firebase_performance] AndroidManifest.xml:13:13-15:85
130                android:name="com.google.firebase.components:io.flutter.plugins.firebase.performance.FlutterFirebaseAppRegistrar"
130-->[:firebase_performance] AndroidManifest.xml:14:17-130
131                android:value="com.google.firebase.components.ComponentRegistrar" />
131-->[:firebase_performance] AndroidManifest.xml:15:17-82
132            <meta-data
132-->[:firebase_storage] AndroidManifest.xml:11:13-13:85
133                android:name="com.google.firebase.components:io.flutter.plugins.firebase.storage.FlutterFirebaseAppRegistrar"
133-->[:firebase_storage] AndroidManifest.xml:12:17-126
134                android:value="com.google.firebase.components.ComponentRegistrar" />
134-->[:firebase_storage] AndroidManifest.xml:13:17-82
135            <meta-data
135-->[:firebase_core] AndroidManifest.xml:11:13-13:85
136                android:name="com.google.firebase.components:io.flutter.plugins.firebase.core.FlutterFirebaseCoreRegistrar"
136-->[:firebase_core] AndroidManifest.xml:12:17-124
137                android:value="com.google.firebase.components.ComponentRegistrar" />
137-->[:firebase_core] AndroidManifest.xml:13:17-82
138            <meta-data
138-->[com.google.firebase:firebase-perf:20.5.2] AndroidManifest.xml:14:13-16:85
139                android:name="com.google.firebase.components:com.google.firebase.perf.FirebasePerfKtxRegistrar"
139-->[com.google.firebase:firebase-perf:20.5.2] AndroidManifest.xml:15:17-112
140                android:value="com.google.firebase.components.ComponentRegistrar" />
140-->[com.google.firebase:firebase-perf:20.5.2] AndroidManifest.xml:16:17-82
141            <meta-data
141-->[com.google.firebase:firebase-perf:20.5.2] AndroidManifest.xml:17:13-19:85
142                android:name="com.google.firebase.components:com.google.firebase.perf.FirebasePerfRegistrar"
142-->[com.google.firebase:firebase-perf:20.5.2] AndroidManifest.xml:18:17-109
143                android:value="com.google.firebase.components.ComponentRegistrar" />
143-->[com.google.firebase:firebase-perf:20.5.2] AndroidManifest.xml:19:17-82
144            <meta-data
144-->[com.google.firebase:firebase-sessions:1.2.2] AndroidManifest.xml:29:13-31:85
145                android:name="com.google.firebase.components:com.google.firebase.sessions.FirebaseSessionsRegistrar"
145-->[com.google.firebase:firebase-sessions:1.2.2] AndroidManifest.xml:30:17-117
146                android:value="com.google.firebase.components.ComponentRegistrar" />
146-->[com.google.firebase:firebase-sessions:1.2.2] AndroidManifest.xml:31:17-82
147            <meta-data
147-->[com.google.firebase:firebase-auth:22.3.1] AndroidManifest.xml:69:13-71:85
148                android:name="com.google.firebase.components:com.google.firebase.auth.FirebaseAuthRegistrar"
148-->[com.google.firebase:firebase-auth:22.3.1] AndroidManifest.xml:70:17-109
149                android:value="com.google.firebase.components.ComponentRegistrar" />
149-->[com.google.firebase:firebase-auth:22.3.1] AndroidManifest.xml:71:17-82
150            <meta-data
150-->[com.google.firebase:firebase-firestore:24.11.0] AndroidManifest.xml:17:13-19:85
151                android:name="com.google.firebase.components:com.google.firebase.firestore.FirebaseFirestoreKtxRegistrar"
151-->[com.google.firebase:firebase-firestore:24.11.0] AndroidManifest.xml:18:17-122
152                android:value="com.google.firebase.components.ComponentRegistrar" />
152-->[com.google.firebase:firebase-firestore:24.11.0] AndroidManifest.xml:19:17-82
153            <meta-data
153-->[com.google.firebase:firebase-firestore:24.11.0] AndroidManifest.xml:20:13-22:85
154                android:name="com.google.firebase.components:com.google.firebase.firestore.FirestoreRegistrar"
154-->[com.google.firebase:firebase-firestore:24.11.0] AndroidManifest.xml:21:17-111
155                android:value="com.google.firebase.components.ComponentRegistrar" />
155-->[com.google.firebase:firebase-firestore:24.11.0] AndroidManifest.xml:22:17-82
156            <meta-data
156-->[com.google.firebase:firebase-storage:20.3.0] AndroidManifest.xml:30:13-32:85
157                android:name="com.google.firebase.components:com.google.firebase.storage.FirebaseStorageKtxRegistrar"
157-->[com.google.firebase:firebase-storage:20.3.0] AndroidManifest.xml:31:17-118
158                android:value="com.google.firebase.components.ComponentRegistrar" />
158-->[com.google.firebase:firebase-storage:20.3.0] AndroidManifest.xml:32:17-82
159            <meta-data
159-->[com.google.firebase:firebase-storage:20.3.0] AndroidManifest.xml:33:13-35:85
160                android:name="com.google.firebase.components:com.google.firebase.storage.StorageRegistrar"
160-->[com.google.firebase:firebase-storage:20.3.0] AndroidManifest.xml:34:17-107
161                android:value="com.google.firebase.components.ComponentRegistrar" />
161-->[com.google.firebase:firebase-storage:20.3.0] AndroidManifest.xml:35:17-82
162            <meta-data
162-->[com.google.firebase:firebase-config:21.6.3] AndroidManifest.xml:29:13-31:85
163                android:name="com.google.firebase.components:com.google.firebase.remoteconfig.FirebaseRemoteConfigKtxRegistrar"
163-->[com.google.firebase:firebase-config:21.6.3] AndroidManifest.xml:30:17-128
164                android:value="com.google.firebase.components.ComponentRegistrar" />
164-->[com.google.firebase:firebase-config:21.6.3] AndroidManifest.xml:31:17-82
165            <meta-data
165-->[com.google.firebase:firebase-config:21.6.3] AndroidManifest.xml:32:13-34:85
166                android:name="com.google.firebase.components:com.google.firebase.remoteconfig.RemoteConfigRegistrar"
166-->[com.google.firebase:firebase-config:21.6.3] AndroidManifest.xml:33:17-117
167                android:value="com.google.firebase.components.ComponentRegistrar" />
167-->[com.google.firebase:firebase-config:21.6.3] AndroidManifest.xml:34:17-82
168            <meta-data
168-->[com.google.firebase:firebase-installations:17.2.0] AndroidManifest.xml:15:13-17:85
169                android:name="com.google.firebase.components:com.google.firebase.installations.FirebaseInstallationsKtxRegistrar"
169-->[com.google.firebase:firebase-installations:17.2.0] AndroidManifest.xml:16:17-130
170                android:value="com.google.firebase.components.ComponentRegistrar" />
170-->[com.google.firebase:firebase-installations:17.2.0] AndroidManifest.xml:17:17-82
171            <meta-data
171-->[com.google.firebase:firebase-installations:17.2.0] AndroidManifest.xml:18:13-20:85
172                android:name="com.google.firebase.components:com.google.firebase.installations.FirebaseInstallationsRegistrar"
172-->[com.google.firebase:firebase-installations:17.2.0] AndroidManifest.xml:19:17-127
173                android:value="com.google.firebase.components.ComponentRegistrar" />
173-->[com.google.firebase:firebase-installations:17.2.0] AndroidManifest.xml:20:17-82
174            <meta-data
174-->[com.google.firebase:firebase-appcheck:17.1.2] AndroidManifest.xml:25:13-27:85
175                android:name="com.google.firebase.components:com.google.firebase.appcheck.FirebaseAppCheckKtxRegistrar"
175-->[com.google.firebase:firebase-appcheck:17.1.2] AndroidManifest.xml:26:17-120
176                android:value="com.google.firebase.components.ComponentRegistrar" />
176-->[com.google.firebase:firebase-appcheck:17.1.2] AndroidManifest.xml:27:17-82
177            <meta-data
177-->[com.google.firebase:firebase-appcheck:17.1.2] AndroidManifest.xml:28:13-30:85
178                android:name="com.google.firebase.components:com.google.firebase.appcheck.FirebaseAppCheckRegistrar"
178-->[com.google.firebase:firebase-appcheck:17.1.2] AndroidManifest.xml:29:17-117
179                android:value="com.google.firebase.components.ComponentRegistrar" />
179-->[com.google.firebase:firebase-appcheck:17.1.2] AndroidManifest.xml:30:17-82
180            <meta-data
180-->[com.google.firebase:firebase-common-ktx:20.4.3] AndroidManifest.xml:12:13-14:85
181                android:name="com.google.firebase.components:com.google.firebase.ktx.FirebaseCommonLegacyRegistrar"
181-->[com.google.firebase:firebase-common-ktx:20.4.3] AndroidManifest.xml:13:17-116
182                android:value="com.google.firebase.components.ComponentRegistrar" />
182-->[com.google.firebase:firebase-common-ktx:20.4.3] AndroidManifest.xml:14:17-82
183            <meta-data
183-->[com.google.firebase:firebase-common:20.4.3] AndroidManifest.xml:35:13-37:85
184                android:name="com.google.firebase.components:com.google.firebase.FirebaseCommonKtxRegistrar"
184-->[com.google.firebase:firebase-common:20.4.3] AndroidManifest.xml:36:17-109
185                android:value="com.google.firebase.components.ComponentRegistrar" />
185-->[com.google.firebase:firebase-common:20.4.3] AndroidManifest.xml:37:17-82
186            <meta-data
186-->[com.google.firebase:firebase-datatransport:18.1.8] AndroidManifest.xml:27:13-29:85
187                android:name="com.google.firebase.components:com.google.firebase.datatransport.TransportRegistrar"
187-->[com.google.firebase:firebase-datatransport:18.1.8] AndroidManifest.xml:28:17-115
188                android:value="com.google.firebase.components.ComponentRegistrar" />
188-->[com.google.firebase:firebase-datatransport:18.1.8] AndroidManifest.xml:29:17-82
189            <meta-data
189-->[com.google.firebase:firebase-abt:21.1.1] AndroidManifest.xml:12:13-14:85
190                android:name="com.google.firebase.components:com.google.firebase.abt.component.AbtRegistrar"
190-->[com.google.firebase:firebase-abt:21.1.1] AndroidManifest.xml:13:17-109
191                android:value="com.google.firebase.components.ComponentRegistrar" />
191-->[com.google.firebase:firebase-abt:21.1.1] AndroidManifest.xml:14:17-82
192        </service>
193
194        <activity android:name="com.amolg.flutterbarcodescanner.BarcodeCaptureActivity" />
194-->[:flutter_barcode_scanner] AndroidManifest.xml:18:9-91
194-->[:flutter_barcode_scanner] AndroidManifest.xml:18:19-88
195        <activity
195-->[:url_launcher_android] AndroidManifest.xml:10:9-13:74
196            android:name="io.flutter.plugins.urllauncher.WebViewActivity"
196-->[:url_launcher_android] AndroidManifest.xml:11:13-74
197            android:exported="false"
197-->[:url_launcher_android] AndroidManifest.xml:12:13-37
198            android:theme="@android:style/Theme.NoTitleBar.Fullscreen" />
198-->[:url_launcher_android] AndroidManifest.xml:13:13-71
199
200        <service
200-->[com.google.firebase:firebase-sessions:1.2.2] AndroidManifest.xml:22:9-25:40
201            android:name="com.google.firebase.sessions.SessionLifecycleService"
201-->[com.google.firebase:firebase-sessions:1.2.2] AndroidManifest.xml:23:13-80
202            android:enabled="true"
202-->[com.google.firebase:firebase-sessions:1.2.2] AndroidManifest.xml:24:13-35
203            android:exported="false" />
203-->[com.google.firebase:firebase-sessions:1.2.2] AndroidManifest.xml:25:13-37
204
205        <activity
205-->[com.google.firebase:firebase-auth:22.3.1] AndroidManifest.xml:29:9-46:20
206            android:name="com.google.firebase.auth.internal.GenericIdpActivity"
206-->[com.google.firebase:firebase-auth:22.3.1] AndroidManifest.xml:30:13-80
207            android:excludeFromRecents="true"
207-->[com.google.firebase:firebase-auth:22.3.1] AndroidManifest.xml:31:13-46
208            android:exported="true"
208-->[com.google.firebase:firebase-auth:22.3.1] AndroidManifest.xml:32:13-36
209            android:launchMode="singleTask"
209-->[com.google.firebase:firebase-auth:22.3.1] AndroidManifest.xml:33:13-44
210            android:theme="@android:style/Theme.Translucent.NoTitleBar" >
210-->[com.google.firebase:firebase-auth:22.3.1] AndroidManifest.xml:34:13-72
211            <intent-filter>
211-->[com.google.firebase:firebase-auth:22.3.1] AndroidManifest.xml:35:13-45:29
212                <action android:name="android.intent.action.VIEW" />
212-->src\main\AndroidManifest.xml:48:17-69
212-->src\main\AndroidManifest.xml:48:25-66
213
214                <category android:name="android.intent.category.DEFAULT" />
214-->src\main\AndroidManifest.xml:49:17-76
214-->src\main\AndroidManifest.xml:49:27-73
215                <category android:name="android.intent.category.BROWSABLE" />
215-->src\main\AndroidManifest.xml:50:17-78
215-->src\main\AndroidManifest.xml:50:27-75
216
217                <data
217-->src\main\AndroidManifest.xml:51:17-93
218                    android:host="firebase.auth"
218-->src\main\AndroidManifest.xml:51:56-90
219                    android:path="/"
220                    android:scheme="genericidp" />
220-->src\main\AndroidManifest.xml:51:23-55
221            </intent-filter>
222        </activity>
223        <activity
223-->[com.google.firebase:firebase-auth:22.3.1] AndroidManifest.xml:47:9-64:20
224            android:name="com.google.firebase.auth.internal.RecaptchaActivity"
224-->[com.google.firebase:firebase-auth:22.3.1] AndroidManifest.xml:48:13-79
225            android:excludeFromRecents="true"
225-->[com.google.firebase:firebase-auth:22.3.1] AndroidManifest.xml:49:13-46
226            android:exported="true"
226-->[com.google.firebase:firebase-auth:22.3.1] AndroidManifest.xml:50:13-36
227            android:launchMode="singleTask"
227-->[com.google.firebase:firebase-auth:22.3.1] AndroidManifest.xml:51:13-44
228            android:theme="@android:style/Theme.Translucent.NoTitleBar" >
228-->[com.google.firebase:firebase-auth:22.3.1] AndroidManifest.xml:52:13-72
229            <intent-filter>
229-->[com.google.firebase:firebase-auth:22.3.1] AndroidManifest.xml:53:13-63:29
230                <action android:name="android.intent.action.VIEW" />
230-->src\main\AndroidManifest.xml:48:17-69
230-->src\main\AndroidManifest.xml:48:25-66
231
232                <category android:name="android.intent.category.DEFAULT" />
232-->src\main\AndroidManifest.xml:49:17-76
232-->src\main\AndroidManifest.xml:49:27-73
233                <category android:name="android.intent.category.BROWSABLE" />
233-->src\main\AndroidManifest.xml:50:17-78
233-->src\main\AndroidManifest.xml:50:27-75
234
235                <data
235-->src\main\AndroidManifest.xml:51:17-93
236                    android:host="firebase.auth"
236-->src\main\AndroidManifest.xml:51:56-90
237                    android:path="/"
238                    android:scheme="recaptcha" />
238-->src\main\AndroidManifest.xml:51:23-55
239            </intent-filter>
240        </activity>
241
242        <uses-library
242-->[androidx.window:window:1.0.0-beta04] AndroidManifest.xml:25:9-27:40
243            android:name="androidx.window.extensions"
243-->[androidx.window:window:1.0.0-beta04] AndroidManifest.xml:26:13-54
244            android:required="false" />
244-->[androidx.window:window:1.0.0-beta04] AndroidManifest.xml:27:13-37
245        <uses-library
245-->[androidx.window:window:1.0.0-beta04] AndroidManifest.xml:28:9-30:40
246            android:name="androidx.window.sidecar"
246-->[androidx.window:window:1.0.0-beta04] AndroidManifest.xml:29:13-51
247            android:required="false" />
247-->[androidx.window:window:1.0.0-beta04] AndroidManifest.xml:30:13-37
248
249        <provider
249-->[com.google.firebase:firebase-common:20.4.3] AndroidManifest.xml:23:9-28:39
250            android:name="com.google.firebase.provider.FirebaseInitProvider"
250-->[com.google.firebase:firebase-common:20.4.3] AndroidManifest.xml:24:13-77
251            android:authorities="com.mycompany.arunproductions.firebaseinitprovider"
251-->[com.google.firebase:firebase-common:20.4.3] AndroidManifest.xml:25:13-72
252            android:directBootAware="true"
252-->[com.google.firebase:firebase-common:20.4.3] AndroidManifest.xml:26:13-43
253            android:exported="false"
253-->[com.google.firebase:firebase-common:20.4.3] AndroidManifest.xml:27:13-37
254            android:initOrder="100" />
254-->[com.google.firebase:firebase-common:20.4.3] AndroidManifest.xml:28:13-36
255
256        <service
256-->[com.google.android.datatransport:transport-backend-cct:3.1.9] AndroidManifest.xml:28:9-34:19
257            android:name="com.google.android.datatransport.runtime.backends.TransportBackendDiscovery"
257-->[com.google.android.datatransport:transport-backend-cct:3.1.9] AndroidManifest.xml:29:13-103
258            android:exported="false" >
258-->[com.google.android.datatransport:transport-backend-cct:3.1.9] AndroidManifest.xml:30:13-37
259            <meta-data
259-->[com.google.android.datatransport:transport-backend-cct:3.1.9] AndroidManifest.xml:31:13-33:39
260                android:name="backend:com.google.android.datatransport.cct.CctBackendFactory"
260-->[com.google.android.datatransport:transport-backend-cct:3.1.9] AndroidManifest.xml:32:17-94
261                android:value="cct" />
261-->[com.google.android.datatransport:transport-backend-cct:3.1.9] AndroidManifest.xml:33:17-36
262        </service>
263
264        <activity
264-->[com.google.android.gms:play-services-auth:20.7.0] AndroidManifest.xml:23:9-27:75
265            android:name="com.google.android.gms.auth.api.signin.internal.SignInHubActivity"
265-->[com.google.android.gms:play-services-auth:20.7.0] AndroidManifest.xml:24:13-93
266            android:excludeFromRecents="true"
266-->[com.google.android.gms:play-services-auth:20.7.0] AndroidManifest.xml:25:13-46
267            android:exported="false"
267-->[com.google.android.gms:play-services-auth:20.7.0] AndroidManifest.xml:26:13-37
268            android:theme="@android:style/Theme.Translucent.NoTitleBar" />
268-->[com.google.android.gms:play-services-auth:20.7.0] AndroidManifest.xml:27:13-72
269        <!--
270            Service handling Google Sign-In user revocation. For apps that do not integrate with
271            Google Sign-In, this service will never be started.
272        -->
273        <service
273-->[com.google.android.gms:play-services-auth:20.7.0] AndroidManifest.xml:33:9-37:51
274            android:name="com.google.android.gms.auth.api.signin.RevocationBoundService"
274-->[com.google.android.gms:play-services-auth:20.7.0] AndroidManifest.xml:34:13-89
275            android:exported="true"
275-->[com.google.android.gms:play-services-auth:20.7.0] AndroidManifest.xml:35:13-36
276            android:permission="com.google.android.gms.auth.api.signin.permission.REVOCATION_NOTIFICATION"
276-->[com.google.android.gms:play-services-auth:20.7.0] AndroidManifest.xml:36:13-107
277            android:visibleToInstantApps="true" />
277-->[com.google.android.gms:play-services-auth:20.7.0] AndroidManifest.xml:37:13-48
278
279        <activity
279-->[com.google.android.gms:play-services-base:18.1.0] AndroidManifest.xml:20:9-22:45
280            android:name="com.google.android.gms.common.api.GoogleApiActivity"
280-->[com.google.android.gms:play-services-base:18.1.0] AndroidManifest.xml:20:19-85
281            android:exported="false"